
*** Running vivado
    with args -log full_adder.vds -m64 -product Vivado -mode batch -messageDb vivado.pb -notrace -source full_adder.tcl


****** Vivado v2017.3 (64-bit)
  **** SW Build 2018833 on Wed Oct  4 19:58:22 MDT 2017
  **** IP Build 2016188 on Wed Oct  4 21:52:56 MDT 2017
    ** Copyright 1986-2017 Xilinx, Inc. All Rights Reserved.

source full_adder.tcl -notrace
Command: synth_design -top full_adder -part xc7z010clg225-1
Starting synth_design
Attempting to get a license for feature 'Synthesis' and/or device 'xc7z010'
INFO: [Common 17-349] Got license for feature 'Synthesis' and/or device 'xc7z010'
INFO: Launching helper process for spawning children vivado processes
INFO: Helper process launched with PID 3968 
---------------------------------------------------------------------------------
Starting Synthesize : Time (s): cpu = 00:00:06 ; elapsed = 00:00:06 . Memory (MB): peak = 344.113 ; gain = 94.977
---------------------------------------------------------------------------------
INFO: [Synth 8-638] synthesizing module 'full_adder' [D:/MDH/DVA452/full_adder/full_adder.srcs/sources_1/new/full_adder.vhd:43]
INFO: [Synth 8-3491] module 'half_adder' declared at 'D:/MDH/DVA452/full_adder/full_adder.srcs/sources_1/imports/new/half_adder.vhd:35' bound to instance 'G1' of component 'half_adder' [D:/MDH/DVA452/full_adder/full_adder.srcs/sources_1/new/full_adder.vhd:59]
INFO: [Synth 8-638] synthesizing module 'half_adder' [D:/MDH/DVA452/full_adder/full_adder.srcs/sources_1/imports/new/half_adder.vhd:42]
INFO: [Synth 8-638] synthesizing module 'xor_1' [D:/MDH/DVA452/full_adder/full_adder.srcs/sources_1/imports/sources_1/imports/new/xor_1.vhd:40]
INFO: [Synth 8-256] done synthesizing module 'xor_1' (1#1) [D:/MDH/DVA452/full_adder/full_adder.srcs/sources_1/imports/sources_1/imports/new/xor_1.vhd:40]
INFO: [Synth 8-638] synthesizing module 'and_1' [D:/MDH/DVA452/full_adder/full_adder.srcs/sources_1/imports/sources_1/new/and_1.vhd:40]
INFO: [Synth 8-256] done synthesizing module 'and_1' (2#1) [D:/MDH/DVA452/full_adder/full_adder.srcs/sources_1/imports/sources_1/new/and_1.vhd:40]
INFO: [Synth 8-256] done synthesizing module 'half_adder' (3#1) [D:/MDH/DVA452/full_adder/full_adder.srcs/sources_1/imports/new/half_adder.vhd:42]
INFO: [Synth 8-3491] module 'half_adder' declared at 'D:/MDH/DVA452/full_adder/full_adder.srcs/sources_1/imports/new/half_adder.vhd:35' bound to instance 'G2' of component 'half_adder' [D:/MDH/DVA452/full_adder/full_adder.srcs/sources_1/new/full_adder.vhd:60]
INFO: [Synth 8-3491] module 'or_1' declared at 'D:/MDH/DVA452/full_adder/full_adder.srcs/sources_1/imports/new/or_1.vhd:34' bound to instance 'G3' of component 'or_1' [D:/MDH/DVA452/full_adder/full_adder.srcs/sources_1/new/full_adder.vhd:61]
INFO: [Synth 8-638] synthesizing module 'or_1' [D:/MDH/DVA452/full_adder/full_adder.srcs/sources_1/imports/new/or_1.vhd:42]
INFO: [Synth 8-256] done synthesizing module 'or_1' (4#1) [D:/MDH/DVA452/full_adder/full_adder.srcs/sources_1/imports/new/or_1.vhd:42]
INFO: [Synth 8-256] done synthesizing module 'full_adder' (5#1) [D:/MDH/DVA452/full_adder/full_adder.srcs/sources_1/new/full_adder.vhd:43]
---------------------------------------------------------------------------------
Finished Synthesize : Time (s): cpu = 00:00:07 ; elapsed = 00:00:07 . Memory (MB): peak = 385.566 ; gain = 136.430
---------------------------------------------------------------------------------
---------------------------------------------------------------------------------
Finished Constraint Validation : Time (s): cpu = 00:00:07 ; elapsed = 00:00:07 . Memory (MB): peak = 385.566 ; gain = 136.430
---------------------------------------------------------------------------------
---------------------------------------------------------------------------------
Start Loading Part and Timing Information
---------------------------------------------------------------------------------
Loading part: xc7z010clg225-1
---------------------------------------------------------------------------------
Finished Loading Part and Timing Information : Time (s): cpu = 00:00:07 ; elapsed = 00:00:07 . Memory (MB): peak = 385.566 ; gain = 136.430
---------------------------------------------------------------------------------
INFO: [Device 21-403] Loading part xc7z010clg225-1
---------------------------------------------------------------------------------
Finished RTL Optimization Phase 2 : Time (s): cpu = 00:00:07 ; elapsed = 00:00:07 . Memory (MB): peak = 385.566 ; gain = 136.430
---------------------------------------------------------------------------------

Report RTL Partitions: 
+-+--------------+------------+----------+
| |RTL Partition |Replication |Instances |
+-+--------------+------------+----------+
+-+--------------+------------+----------+
No constraint files found.
---------------------------------------------------------------------------------
Start RTL Component Statistics 
---------------------------------------------------------------------------------
Detailed RTL Component Info : 
+---XORs : 
	   2 Input      1 Bit         XORs := 2     
---------------------------------------------------------------------------------
Finished RTL Component Statistics 
---------------------------------------------------------------------------------
---------------------------------------------------------------------------------
Start RTL Hierarchical Component Statistics 
---------------------------------------------------------------------------------
Hierarchical RTL Component report 
Module xor_1 
Detailed RTL Component Info : 
+---XORs : 
	   2 Input      1 Bit         XORs := 1     
---------------------------------------------------------------------------------
Finished RTL Hierarchical Component Statistics
---------------------------------------------------------------------------------
---------------------------------------------------------------------------------
Start Part Resource Summary
---------------------------------------------------------------------------------
Part Resources:
DSPs: 80 (col length:40)
BRAMs: 120 (col length: RAMB18 40 RAMB36 20)
---------------------------------------------------------------------------------
Finished Part Resource Summary
---------------------------------------------------------------------------------
No constraint files found.
---------------------------------------------------------------------------------
Start Cross Boundary and Area Optimization
---------------------------------------------------------------------------------
---------------------------------------------------------------------------------
Finished Cross Boundary and Area Optimization : Time (s): cpu = 00:00:11 ; elapsed = 00:00:11 . Memory (MB): peak = 506.840 ; gain = 257.703
---------------------------------------------------------------------------------

Report RTL Partitions: 
+-+--------------+------------+----------+
| |RTL Partition |Replication |Instances |
+-+--------------+------------+----------+
+-+--------------+------------+----------+
No constraint files found.
---------------------------------------------------------------------------------
Start Timing Optimization
---------------------------------------------------------------------------------
---------------------------------------------------------------------------------
Finished Timing Optimization : Time (s): cpu = 00:00:11 ; elapsed = 00:00:11 . Memory (MB): peak = 506.840 ; gain = 257.703
---------------------------------------------------------------------------------

Report RTL Partitions: 
+-+--------------+------------+----------+
| |RTL Partition |Replication |Instances |
+-+--------------+------------+----------+
+-+--------------+------------+----------+
---------------------------------------------------------------------------------
Start Technology Mapping
---------------------------------------------------------------------------------
---------------------------------------------------------------------------------
Finished Technology Mapping : Time (s): cpu = 00:00:11 ; elapsed = 00:00:11 . Memory (MB): peak = 506.840 ; gain = 257.703
---------------------------------------------------------------------------------

Report RTL Partitions: 
+-+--------------+------------+----------+
| |RTL Partition |Replication |Instances |
+-+--------------+------------+----------+
+-+--------------+------------+----------+
---------------------------------------------------------------------------------
Start IO Insertion
---------------------------------------------------------------------------------
---------------------------------------------------------------------------------
Start Flattening Before IO Insertion
---------------------------------------------------------------------------------
---------------------------------------------------------------------------------
Finished Flattening Before IO Insertion
---------------------------------------------------------------------------------
---------------------------------------------------------------------------------
Start Final Netlist Cleanup
---------------------------------------------------------------------------------
---------------------------------------------------------------------------------
Finished Final Netlist Cleanup
---------------------------------------------------------------------------------
---------------------------------------------------------------------------------
Finished IO Insertion : Time (s): cpu = 00:00:12 ; elapsed = 00:00:12 . Memory (MB): peak = 506.840 ; gain = 257.703
---------------------------------------------------------------------------------

Report Check Netlist: 
+------+------------------+-------+---------+-------+------------------+
|      |Item              |Errors |Warnings |Status |Description       |
+------+------------------+-------+---------+-------+------------------+
|1     |multi_driven_nets |      0|        0|Passed |Multi driven nets |
+------+------------------+-------+---------+-------+------------------+
---------------------------------------------------------------------------------
Start Renaming Generated Instances
---------------------------------------------------------------------------------
---------------------------------------------------------------------------------
Finished Renaming Generated Instances : Time (s): cpu = 00:00:12 ; elapsed = 00:00:12 . Memory (MB): peak = 506.840 ; gain = 257.703
---------------------------------------------------------------------------------

Report RTL Partitions: 
+-+--------------+------------+----------+
| |RTL Partition |Replication |Instances |
+-+--------------+------------+----------+
+-+--------------+------------+----------+
---------------------------------------------------------------------------------
Start Rebuilding User Hierarchy
---------------------------------------------------------------------------------
---------------------------------------------------------------------------------
Finished Rebuilding User Hierarchy : Time (s): cpu = 00:00:12 ; elapsed = 00:00:12 . Memory (MB): peak = 506.840 ; gain = 257.703
---------------------------------------------------------------------------------
---------------------------------------------------------------------------------
Start Renaming Generated Ports
---------------------------------------------------------------------------------
---------------------------------------------------------------------------------
Finished Renaming Generated Ports : Time (s): cpu = 00:00:12 ; elapsed = 00:00:12 . Memory (MB): peak = 506.840 ; gain = 257.703
---------------------------------------------------------------------------------
---------------------------------------------------------------------------------
Start Handling Custom Attributes
---------------------------------------------------------------------------------
---------------------------------------------------------------------------------
Finished Handling Custom Attributes : Time (s): cpu = 00:00:12 ; elapsed = 00:00:12 . Memory (MB): peak = 506.840 ; gain = 257.703
---------------------------------------------------------------------------------
---------------------------------------------------------------------------------
Start Renaming Generated Nets
---------------------------------------------------------------------------------
---------------------------------------------------------------------------------
Finished Renaming Generated Nets : Time (s): cpu = 00:00:12 ; elapsed = 00:00:12 . Memory (MB): peak = 506.840 ; gain = 257.703
---------------------------------------------------------------------------------
---------------------------------------------------------------------------------
Start Writing Synthesis Report
---------------------------------------------------------------------------------

Report BlackBoxes: 
+-+--------------+----------+
| |BlackBox name |Instances |
+-+--------------+----------+
+-+--------------+----------+

Report Cell Usage: 
+------+-----+------+
|      |Cell |Count |
+------+-----+------+
|1     |LUT3 |     2|
|2     |IBUF |     3|
|3     |OBUF |     2|
+------+-----+------+

Report Instance Areas: 
+------+---------+-------+------+
|      |Instance |Module |Cells |
+------+---------+-------+------+
|1     |top      |       |     7|
+------+---------+-------+------+
---------------------------------------------------------------------------------
Finished Writing Synthesis Report : Time (s): cpu = 00:00:12 ; elapsed = 00:00:12 . Memory (MB): peak = 506.840 ; gain = 257.703
---------------------------------------------------------------------------------
Synthesis finished with 0 errors, 0 critical warnings and 0 warnings.
Synthesis Optimization Runtime : Time (s): cpu = 00:00:12 ; elapsed = 00:00:12 . Memory (MB): peak = 506.840 ; gain = 257.703
Synthesis Optimization Complete : Time (s): cpu = 00:00:12 ; elapsed = 00:00:12 . Memory (MB): peak = 506.840 ; gain = 257.703
INFO: [Project 1-571] Translating synthesized netlist
INFO: [Netlist 29-17] Analyzing 3 Unisim elements for replacement
INFO: [Netlist 29-28] Unisim Transformation completed in 0 CPU seconds
INFO: [Project 1-570] Preparing netlist for logic optimization
INFO: [Opt 31-138] Pushed 0 inverter(s) to 0 load pin(s).
INFO: [Project 1-111] Unisim Transformation Summary:
No Unisim elements were transformed.

INFO: [Common 17-83] Releasing license: Synthesis
22 Infos, 0 Warnings, 0 Critical Warnings and 0 Errors encountered.
synth_design completed successfully
synth_design: Time (s): cpu = 00:00:14 ; elapsed = 00:00:15 . Memory (MB): peak = 604.566 ; gain = 366.949
INFO: [Common 17-1381] The checkpoint 'D:/MDH/DVA452/full_adder/full_adder.runs/synth_1/full_adder.dcp' has been generated.
INFO: [runtcl-4] Executing : report_utilization -file full_adder_utilization_synth.rpt -pb full_adder_utilization_synth.pb
report_utilization: Time (s): cpu = 00:00:00 ; elapsed = 00:00:00.023 . Memory (MB): peak = 604.566 ; gain = 0.000
INFO: [Common 17-206] Exiting Vivado at Thu Nov 16 16:04:21 2017...
